<?xml version="1.0" encoding="UTF-8"?>
<!-- Generated by org.testng.reporters.JUnitReportReporter -->
<testsuite hostname="LAPTOP-BCHU3DJA" failures="0" tests="1" name="tests.ValidateHomePage" time="0.000" errors="0" timestamp="2024-09-17T17:56:26 IST" skipped="1">
  <testcase classname="tests.ValidateHomePage" name="validateTitle" time="0.000">
    <skipped/>
  </testcase> <!-- validateTitle -->
</testsuite> <!-- tests.ValidateHomePage -->
